# JRE version: Java(TM) SE Runtime Environment (21.0.3+7) (build 21.0.3+7-LTS-152)
# Java VM: Java HotSpot(TM) 64-Bit Server VM (21.0.3+7-LTS-152, mixed mode, sharing, tiered, compressed oops, compressed class ptrs, g1 gc, windows-amd64)
GC Precious Log:
 CardTable entry size: 512
 Card Set container configuration: InlinePtr #cards 4 size 8 Array Of Cards #cards 32 size 80 Howl #buckets 8 coarsen threshold 7372 Howl Bitmap #cards 1024 size 144 coarsen threshold 921 Card regions per heap region 1 cards per card region 8192
 CPUs: 8 total, 8 available
 Memory: 24299M
 Large Page Support: Disabled
 NUMA Support: Disabled
 Compressed Oops: Enabled (Zero based)
 Heap Region Size: 4M
 Heap Min Capacity: 8M
 Heap Initial Capacity: 380M
 Heap Max Capacity: 6076M
 Pre-touch: Disabled
 Parallel Workers: 8
 Concurrent Workers: 2
 Concurrent Refinement Workers: 8
 Periodic GC: Disabled
Heap:
 garbage-first heap   total 147456K, used 81599K [0x0000000684400000, 0x0000000800000000)
  region size 4096K, 12 young (49152K), 3 survivors (12288K)
 Metaspace       used 35588K, committed 36160K, reserved 1114112K
  class space    used 4085K, committed 4352K, reserved 1048576K
GC Heap History (10 events):
Event: 0.600 GC heap before
{Heap before GC invocations=0 (full 0):
 garbage-first heap   total 389120K, used 20480K [0x0000000684400000, 0x0000000800000000)
  region size 4096K, 5 young (20480K), 0 survivors (0K)
 Metaspace       used 5428K, committed 5632K, reserved 1114112K
  class space    used 617K, committed 704K, reserved 1048576K
}
Event: 0.603 GC heap after
{Heap after GC invocations=1 (full 0):
 garbage-first heap   total 389120K, used 3677K [0x0000000684400000, 0x0000000800000000)
  region size 4096K, 1 young (4096K), 1 survivors (4096K)
 Metaspace       used 5428K, committed 5632K, reserved 1114112K
  class space    used 617K, committed 704K, reserved 1048576K
}
Event: 0.986 GC heap before
{Heap before GC invocations=1 (full 0):
 garbage-first heap   total 389120K, used 28253K [0x0000000684400000, 0x0000000800000000)
  region size 4096K, 7 young (28672K), 1 survivors (4096K)
 Metaspace       used 7553K, committed 7680K, reserved 1114112K
  class space    used 878K, committed 960K, reserved 1048576K
}
Event: 0.988 GC heap after
{Heap after GC invocations=2 (full 0):
 garbage-first heap   total 389120K, used 4558K [0x0000000684400000, 0x0000000800000000)
  region size 4096K, 1 young (4096K), 1 survivors (4096K)
 Metaspace       used 7553K, committed 7680K, reserved 1114112K
  class space    used 878K, committed 960K, reserved 1048576K
}
Event: 4.004 GC heap before
{Heap before GC invocations=2 (full 0):
 garbage-first heap   total 389120K, used 180686K [0x0000000684400000, 0x0000000800000000)
  region size 4096K, 43 young (176128K), 1 survivors (4096K)
 Metaspace       used 21210K, committed 21504K, reserved 1114112K
  class space    used 2397K, committed 2560K, reserved 1048576K
}
Event: 4.016 GC heap after
{Heap after GC invocations=3 (full 0):
 garbage-first heap   total 389120K, used 29123K [0x0000000684400000, 0x0000000800000000)
  region size 4096K, 5 young (20480K), 5 survivors (20480K)
 Metaspace       used 21210K, committed 21504K, reserved 1114112K
  class space    used 2397K, committed 2560K, reserved 1048576K
}
Event: 5.650 GC heap before
{Heap before GC invocations=4 (full 0):
 garbage-first heap   total 122880K, used 119235K [0x0000000684400000, 0x0000000800000000)
  region size 4096K, 27 young (110592K), 5 survivors (20480K)
 Metaspace       used 31078K, committed 31616K, reserved 1114112K
  class space    used 3597K, committed 3840K, reserved 1048576K
}
Event: 5.662 GC heap after
{Heap after GC invocations=5 (full 0):
 garbage-first heap   total 147456K, used 27850K [0x0000000684400000, 0x0000000800000000)
  region size 4096K, 2 young (8192K), 2 survivors (8192K)
 Metaspace       used 31078K, committed 31616K, reserved 1114112K
  class space    used 3597K, committed 3840K, reserved 1048576K
}
Event: 6.459 GC heap before
{Heap before GC invocations=5 (full 0):
 garbage-first heap   total 147456K, used 109770K [0x0000000684400000, 0x0000000800000000)
  region size 4096K, 21 young (86016K), 2 survivors (8192K)
 Metaspace       used 32495K, committed 33024K, reserved 1114112K
  class space    used 3752K, committed 3968K, reserved 1048576K
}
Event: 6.476 GC heap after
{Heap after GC invocations=6 (full 0):
 garbage-first heap   total 147456K, used 48831K [0x0000000684400000, 0x0000000800000000)
  region size 4096K, 3 young (12288K), 3 survivors (12288K)
 Metaspace       used 32495K, committed 33024K, reserved 1114112K
  class space    used 3752K, committed 3968K, reserved 1048576K
}

